<?xml version="1.0" encoding="UTF-8"?>
<!-- Generated by org.testng.reporters.JUnitXMLReporter -->
<testsuite ignored="2" hostname="DELL-PC" failures="1" tests="3" name="Test" time="0.072" errors="0" timestamp="15 Oct 2019 04:36:43 GMT">
  <testcase classname="dependsOnMethodTest" name="f3" time="0.02">
    <failure type="java.lang.AssertionError" message="expected [true] but found [false]">
      <![CDATA[java.lang.AssertionError: expected [true] but found [false]
at dependsOnMethodTest.f3(dependsOnMethodTest.java:18)
... Removed 29 stack frames]]>
    </failure>
  </testcase> <!-- f3 -->
  <testcase classname="dependsOnMethodTest" name="f4" time="0.002"/>
  <testcase classname="dependsOnMethodTest" name="f5" time="0.003"/>
  <testcase classname="dependsOnMethodTest" name="f1" time="0.0">
    <ignored/>
  </testcase> <!-- f1 -->
  <testcase classname="dependsOnMethodTest" name="f2" time="0.0">
    <ignored/>
  </testcase> <!-- f2 -->
</testsuite> <!-- Test -->
