<?xml version="1.0" encoding="UTF-8"?>
<testng-results ignored="0" total="1" passed="1" failed="0" skipped="0">
  <reporter-output>
  </reporter-output>
  <suite started-at="2019-11-14T18:21:25Z" name="Failed suite [Suite]" finished-at="2019-11-14T18:21:25Z" duration-ms="189">
    <groups>
    </groups>
    <test started-at="2019-11-14T18:21:25Z" name="Test(failed)" finished-at="2019-11-14T18:21:25Z" duration-ms="189">
      <class name="TestParameterWithXML">
        <test-method signature="f(java.lang.String, int)[pri:0, instance:TestParameterWithXML@6913c1fb]" started-at="2019-11-14T18:21:25Z" name="f" finished-at="2019-11-14T18:21:25Z" duration-ms="62" status="PASS">
          <params>
            <param index="0">
              <value>
                <![CDATA[Kanika]]>
              </value>
            </param>
            <param index="1">
              <value>
                <![CDATA[1000000]]>
              </value>
            </param>
          </params>
          <reporter-output>
          </reporter-output>
        </test-method> <!-- f -->
      </class> <!-- TestParameterWithXML -->
    </test> <!-- Test(failed) -->
  </suite> <!-- Failed suite [Suite] -->
</testng-results>
