<?xml version="1.0" encoding="UTF-8"?>
<testng-results ignored="1" total="4" passed="3" failed="0" skipped="0">
  <reporter-output>
  </reporter-output>
  <suite started-at="2019-10-15T08:05:09Z" name="Suite" finished-at="2019-10-15T08:05:09Z" duration-ms="66">
    <groups>
      <group name="G1">
        <method signature="basicTest.FirstTest()[pri:-1, instance:basicTest@394df057]" name="FirstTest" class="basicTest"/>
        <method signature="basicTest.SecondTest()[pri:2, instance:basicTest@394df057]" name="SecondTest" class="basicTest"/>
      </group> <!-- G1 -->
      <group name="G2">
        <method signature="basicTest.SecondTest()[pri:2, instance:basicTest@394df057]" name="SecondTest" class="basicTest"/>
        <method signature="basicTest.ThirdTest()[pri:1, instance:basicTest@394df057]" name="ThirdTest" class="basicTest"/>
      </group> <!-- G2 -->
    </groups>
    <test started-at="2019-10-15T08:05:09Z" name="Test" finished-at="2019-10-15T08:05:09Z" duration-ms="66">
      <class name="basicTest">
        <test-method signature="FirstTest()[pri:-1, instance:basicTest@394df057]" started-at="2019-10-15T08:05:09Z" name="FirstTest" finished-at="2019-10-15T08:05:09Z" duration-ms="18" status="PASS">
          <reporter-output>
          </reporter-output>
        </test-method> <!-- FirstTest -->
        <test-method signature="ThirdTest()[pri:1, instance:basicTest@394df057]" started-at="2019-10-15T08:05:09Z" name="ThirdTest" finished-at="2019-10-15T08:05:09Z" duration-ms="3" status="PASS">
          <reporter-output>
          </reporter-output>
        </test-method> <!-- ThirdTest -->
        <test-method signature="SecondTest()[pri:2, instance:basicTest@394df057]" started-at="2019-10-15T08:05:09Z" name="SecondTest" finished-at="2019-10-15T08:05:09Z" duration-ms="2" status="PASS">
          <reporter-output>
          </reporter-output>
        </test-method> <!-- SecondTest -->
      </class> <!-- basicTest -->
    </test> <!-- Test -->
  </suite> <!-- Suite -->
</testng-results>
