<?xml version="1.0" encoding="UTF-8"?>
<testng-results ignored="0" total="1" passed="1" failed="0" skipped="0">
  <reporter-output>
  </reporter-output>
  <suite started-at="2019-09-22T07:40:49Z" name="Suite" finished-at="2019-09-22T07:40:49Z" duration-ms="63">
    <groups>
    </groups>
    <test started-at="2019-09-22T07:40:49Z" name="Test" finished-at="2019-09-22T07:40:49Z" duration-ms="63">
      <class name="tests.TestGoogleSearch">
        <test-method is-config="true" signature="beforeClass()[pri:0, instance:tests.TestGoogleSearch@762ef0ea]" started-at="2019-09-22T07:40:49Z" name="beforeClass" finished-at="2019-09-22T07:40:49Z" duration-ms="21" status="PASS">
          <reporter-output>
          </reporter-output>
        </test-method> <!-- beforeClass -->
        <test-method signature="f()[pri:0, instance:tests.TestGoogleSearch@762ef0ea]" started-at="2019-09-22T07:40:49Z" name="f" finished-at="2019-09-22T07:40:49Z" duration-ms="8" status="PASS">
          <reporter-output>
          </reporter-output>
        </test-method> <!-- f -->
        <test-method is-config="true" signature="afterClass()[pri:0, instance:tests.TestGoogleSearch@762ef0ea]" started-at="2019-09-22T07:40:49Z" name="afterClass" finished-at="2019-09-22T07:40:49Z" duration-ms="0" status="PASS">
          <reporter-output>
          </reporter-output>
        </test-method> <!-- afterClass -->
      </class> <!-- tests.TestGoogleSearch -->
    </test> <!-- Test -->
  </suite> <!-- Suite -->
</testng-results>
