<?xml version="1.0" encoding="UTF-8"?>
<testng-results ignored="0" total="3" passed="3" failed="0" skipped="0">
  <reporter-output>
  </reporter-output>
  <suite started-at="2019-10-15T06:26:27Z" name="SuiteDataProvider" finished-at="2019-10-15T06:26:27Z" duration-ms="60">
    <groups>
    </groups>
    <test started-at="2019-10-15T06:26:27Z" name="TestDataProvider" finished-at="2019-10-15T06:26:27Z" duration-ms="60">
      <class name="NewTest">
        <test-method signature="f(java.lang.String, int, java.lang.String)[pri:0, instance:NewTest@7dc0f706]" started-at="2019-10-15T06:26:27Z" name="f" data-provider="Employee Data" finished-at="2019-10-15T06:26:27Z" duration-ms="12" status="PASS">
          <params>
            <param index="0">
              <value>
                <![CDATA[Shantanu]]>
              </value>
            </param>
            <param index="1">
              <value>
                <![CDATA[10000]]>
              </value>
            </param>
            <param index="2">
              <value>
                <![CDATA[Pune]]>
              </value>
            </param>
          </params>
          <reporter-output>
          </reporter-output>
        </test-method> <!-- f -->
        <test-method signature="f(java.lang.String, int, java.lang.String)[pri:0, instance:NewTest@7dc0f706]" started-at="2019-10-15T06:26:27Z" name="f" data-provider="Employee Data" finished-at="2019-10-15T06:26:27Z" duration-ms="4" status="PASS">
          <params>
            <param index="0">
              <value>
                <![CDATA[Kanika]]>
              </value>
            </param>
            <param index="1">
              <value>
                <![CDATA[10001]]>
              </value>
            </param>
            <param index="2">
              <value>
                <![CDATA[Pune]]>
              </value>
            </param>
          </params>
          <reporter-output>
          </reporter-output>
        </test-method> <!-- f -->
        <test-method signature="f(java.lang.String, int, java.lang.String)[pri:0, instance:NewTest@7dc0f706]" started-at="2019-10-15T06:26:27Z" name="f" data-provider="Employee Data" finished-at="2019-10-15T06:26:27Z" duration-ms="1" status="PASS">
          <params>
            <param index="0">
              <value>
                <![CDATA[asdf]]>
              </value>
            </param>
            <param index="1">
              <value>
                <![CDATA[100]]>
              </value>
            </param>
            <param index="2">
              <value>
                <![CDATA[asdf]]>
              </value>
            </param>
          </params>
          <reporter-output>
          </reporter-output>
        </test-method> <!-- f -->
      </class> <!-- NewTest -->
    </test> <!-- TestDataProvider -->
  </suite> <!-- SuiteDataProvider -->
</testng-results>
